<?xml version="1.0" encoding="UTF-8"?>
<!-- Generated by org.testng.reporters.JUnitReportReporter -->
<testsuite hostname="Pavan" failures="0" tests="5" name="com.huntcareer.qa.testcases.Search" time="16.136" errors="0" timestamp="2025-10-04T01:08:17 IST" skipped="0">
  <testcase classname="com.huntcareer.qa.testcases.Search" name="TC_1_verifyValidSearch" time="3.039"/>
  <testcase classname="com.huntcareer.qa.testcases.Search" name="TC_2_verifyInvalidSearch" time="2.943"/>
  <testcase classname="com.huntcareer.qa.testcases.Search" name="TC_3_verifySearchWithSpecialCharcters" time="3.186"/>
  <testcase classname="com.huntcareer.qa.testcases.Search" name="TC_5_Login_and_Save_the_job_and_view_the_saved_job_in_saved_jobs_page" time="3.337"/>
  <testcase classname="com.huntcareer.qa.testcases.Search" name="TC_4_verifySearchWithFilters" time="3.631"/>
</testsuite> <!-- com.huntcareer.qa.testcases.Search -->
