<?xml version="1.0" encoding="UTF-8"?>
<!-- Generated by org.testng.reporters.JUnitReportReporter -->
<testsuite hostname="Pavan" failures="0" tests="1" name="com.huntcareer.qa.testcases.Register" time="8.530" errors="0" timestamp="2025-07-29T23:02:58 IST" skipped="0">
  <testcase classname="com.huntcareer.qa.testcases.Register" name="TC_6_verifyNoPasswordData" time="8.530"/>
</testsuite> <!-- com.huntcareer.qa.testcases.Register -->
