<?xml version="1.0" encoding="UTF-8"?>
<!-- Generated by org.testng.reporters.JUnitReportReporter -->
<testsuite hostname="Pavan" failures="0" tests="36" name="com.huntcareer.qa.testcases.EmployerLogin" time="253.590" errors="0" timestamp="2025-10-04T01:02:23 IST" skipped="1">
  <testcase classname="com.huntcareer.qa.testcases.EmployerLogin" name="TC_2_verifyWithInvalidUser" time="7.293"/>
  <testcase classname="com.huntcareer.qa.testcases.EmployerLogin" name="TC_3_verifyWithValidData" time="7.598"/>
  <testcase classname="com.huntcareer.qa.testcases.EmployerLogin" name="TC_4_verifyEmailWithDotInbetweenUserName" time="7.605"/>
  <testcase classname="com.huntcareer.qa.testcases.EmployerLogin" name="TC_5_verifyEmailWithSpaceBeforeUserName" time="7.511"/>
  <testcase classname="com.huntcareer.qa.testcases.EmployerLogin" name="TC_6_verifyEmailWithSpaceAfterUserName" time="7.549"/>
  <testcase classname="com.huntcareer.qa.testcases.EmployerLogin" name="TC_7_verifyShortPassword" time="7.440"/>
  <testcase classname="com.huntcareer.qa.testcases.EmployerLogin" name="TC_8_verifyinvalidEmailAndValidPassword" time="7.104"/>
  <testcase classname="com.huntcareer.qa.testcases.EmployerLogin" name="TC_9_verifyValidEmailAndInvalidPassword" time="7.367"/>
  <testcase classname="com.huntcareer.qa.testcases.EmployerLogin" name="TC_10_verifyNoEmailAndNoPassword" time="6.874"/>
  <testcase classname="com.huntcareer.qa.testcases.EmployerLogin" name="TC_11_verifyNoEmail" time="6.990"/>
  <testcase classname="com.huntcareer.qa.testcases.EmployerLogin" name="TC_12_verifyNoPassword" time="7.147"/>
  <testcase classname="com.huntcareer.qa.testcases.EmployerLogin" name="TC_13_verifyinvalidEmaielplain" time="7.059"/>
  <testcase classname="com.huntcareer.qa.testcases.EmployerLogin" name="TC_14_verifyinvalidEmailNoLocalpart" time="7.082"/>
  <testcase classname="com.huntcareer.qa.testcases.EmployerLogin" name="TC_15_verifyinvalidEmailOnlyEmailpart" time="7.051"/>
  <testcase classname="com.huntcareer.qa.testcases.EmployerLogin" name="TC_16_verifyinvalidEmailDoubleAt" time="7.272"/>
  <testcase classname="com.huntcareer.qa.testcases.EmployerLogin" name="TC_17_verifyinvalidEmailNoTopDoamin" time="7.186"/>
  <testcase classname="com.huntcareer.qa.testcases.EmployerLogin" name="TC_18_verifyinvalidEmailTailingDot" time="7.244"/>
  <testcase classname="com.huntcareer.qa.testcases.EmployerLogin" name="TC_19_verifyinvalidEmailShortTLD" time="7.240"/>
  <testcase classname="com.huntcareer.qa.testcases.EmployerLogin" name="TC_20_verifyinvalidEmailDomainStartsHyphen" time="7.132"/>
  <testcase classname="com.huntcareer.qa.testcases.EmployerLogin" name="TC_21_verifyinvalidEmaildoubleDotDomain" time="7.238"/>
  <testcase classname="com.huntcareer.qa.testcases.EmployerLogin" name="TC_22_verifyinvalidEmailNoAtSymbol" time="7.248"/>
  <testcase classname="com.huntcareer.qa.testcases.EmployerLogin" name="TC_23_verifyinvalidEmailIllegalChars" time="6.921"/>
  <testcase classname="com.huntcareer.qa.testcases.EmployerLogin" name="TC_24_verifyinvalidEmailDotAfterName" time="6.993"/>
  <testcase classname="com.huntcareer.qa.testcases.EmployerLogin" name="TC_25_verifyinvalidEmailTwoConsicutiveDots" time="7.195"/>
  <testcase classname="com.huntcareer.qa.testcases.EmployerLogin" name="TC_26_verifyinvalidEmailDotAtStart" time="7.161"/>
  <testcase classname="com.huntcareer.qa.testcases.EmployerLogin" name="TC_27_verifyinvalidEmailQuoted" time="7.224"/>
  <testcase classname="com.huntcareer.qa.testcases.EmployerLogin" name="TC_28_verifyinvalidEmailUnclosedQuote" time="7.087"/>
  <testcase classname="com.huntcareer.qa.testcases.EmployerLogin" name="TC_29_verifyinvalidEmailLongEmail" time="7.320"/>
  <testcase classname="com.huntcareer.qa.testcases.EmployerLogin" name="TC_30_verifyinvalidEmailLongDomain" time="7.423"/>
  <testcase classname="com.huntcareer.qa.testcases.EmployerLogin" name="TC_31_verifyinvalidEmailLongTLD" time="7.288"/>
  <testcase classname="com.huntcareer.qa.testcases.EmployerLogin" name="TC_32_verifyinvalidEmailMissingSecondLevelDomain" time="7.271"/>
  <testcase classname="com.huntcareer.qa.testcases.EmployerLogin" name="TC_33_verifyinvalidEmailCommaInEmail" time="8.006"/>
  <testcase classname="com.huntcareer.qa.testcases.EmployerLogin" name="TC_34_verifyinvalidEmailConsicutiveDoubleAt" time="7.188"/>
  <testcase classname="com.huntcareer.qa.testcases.EmployerLogin" name="TC_35_verifyinvalidEmailUnderscoreTLD" time="7.271"/>
  <testcase classname="com.huntcareer.qa.testcases.EmployerLogin" name="TC_36_verifyinvalidEmailNoDomain" time="7.012"/>
  <testcase classname="com.huntcareer.qa.testcases.EmployerLogin" name="TC_1_verifyWithValidDataUsingExcel">
    <skipped/>
  </testcase> <!-- TC_1_verifyWithValidDataUsingExcel -->
</testsuite> <!-- com.huntcareer.qa.testcases.EmployerLogin -->
