<?xml version="1.0" encoding="UTF-8"?>
<!-- Generated by org.testng.reporters.JUnitReportReporter -->
<testsuite hostname="Pavan" failures="0" tests="2" name="com.huntcareer.qa.testcases.Login" time="15.182" errors="0" timestamp="2025-05-26T23:13:50 IST" skipped="0">
  <testcase classname="com.huntcareer.qa.testcases.Login" name="verifyWithInvalidData" time="7.188"/>
  <testcase classname="com.huntcareer.qa.testcases.Login" name="verifyWithValidData" time="7.994"/>
</testsuite> <!-- com.huntcareer.qa.testcases.Login -->
