<?xml version="1.0" encoding="UTF-8"?>
<!-- Generated by org.testng.reporters.JUnitReportReporter -->
<testsuite hostname="Pavan" failures="0" tests="38" name="com.huntcareer.qa.testcases.Login" time="280.679" errors="0" timestamp="2025-10-04T01:07:43 IST" skipped="0">
  <testcase classname="com.huntcareer.qa.testcases.Login" name="TC_1_verifyWithValidDataUsingExcel" time="7.720"/>
  <testcase classname="com.huntcareer.qa.testcases.Login" name="TC_1_verifyWithValidDataUsingExcel" time="7.641"/>
  <testcase classname="com.huntcareer.qa.testcases.Login" name="TC_1_verifyWithValidDataUsingExcel" time="7.795"/>
  <testcase classname="com.huntcareer.qa.testcases.Login" name="TC_2_verifyWithInvalidUser" time="7.331"/>
  <testcase classname="com.huntcareer.qa.testcases.Login" name="TC_3_verifyWithValidData" time="7.557"/>
  <testcase classname="com.huntcareer.qa.testcases.Login" name="TC_4_verifyEmailWithDotInbetweenUserName" time="7.768"/>
  <testcase classname="com.huntcareer.qa.testcases.Login" name="TC_5_verifyEmailWithSpaceBeforeUserName" time="7.574"/>
  <testcase classname="com.huntcareer.qa.testcases.Login" name="TC_6_verifyEmailWithSpaceAfterUserName" time="7.669"/>
  <testcase classname="com.huntcareer.qa.testcases.Login" name="TC_7_verifyShortPassword" time="7.316"/>
  <testcase classname="com.huntcareer.qa.testcases.Login" name="TC_8_verifyinvalidEmailAndValidPassword" time="7.377"/>
  <testcase classname="com.huntcareer.qa.testcases.Login" name="TC_9_verifyValidEmailAndInvalidPassword" time="7.552"/>
  <testcase classname="com.huntcareer.qa.testcases.Login" name="TC_10_verifyNoEmailAndNoPassword" time="7.018"/>
  <testcase classname="com.huntcareer.qa.testcases.Login" name="TC_11_verifyNoEmail" time="7.269"/>
  <testcase classname="com.huntcareer.qa.testcases.Login" name="TC_12_verifyNoPassword" time="7.315"/>
  <testcase classname="com.huntcareer.qa.testcases.Login" name="TC_13_verifyinvalidEmailplain" time="7.104"/>
  <testcase classname="com.huntcareer.qa.testcases.Login" name="TC_14_verifyinvalidEmailNoLocalPart" time="7.434"/>
  <testcase classname="com.huntcareer.qa.testcases.Login" name="TC_15_verifyinvalidEmailOnlyEmailPart" time="7.353"/>
  <testcase classname="com.huntcareer.qa.testcases.Login" name="TC_16_verifyinvalidEmailDoubleAt" time="7.202"/>
  <testcase classname="com.huntcareer.qa.testcases.Login" name="TC_17_verifyinvalidEmailNoTopDoamin" time="7.228"/>
  <testcase classname="com.huntcareer.qa.testcases.Login" name="TC_18_verifyinvalidEmailTailingDot" time="7.241"/>
  <testcase classname="com.huntcareer.qa.testcases.Login" name="TC_19_verifyinvalidEmailShortTLD" time="7.240"/>
  <testcase classname="com.huntcareer.qa.testcases.Login" name="TC_20_verifyinvalidEmailDomainStartsHyphen" time="7.511"/>
  <testcase classname="com.huntcareer.qa.testcases.Login" name="TC_21_verifyinvalidEmaildoubleDotDomain" time="7.069"/>
  <testcase classname="com.huntcareer.qa.testcases.Login" name="TC_22_verifyinvalidEmailNoAtSymbol" time="7.257"/>
  <testcase classname="com.huntcareer.qa.testcases.Login" name="TC_23_verifyinvalidEmailIllegalChars" time="8.142"/>
  <testcase classname="com.huntcareer.qa.testcases.Login" name="TC_24_verifyinvalidEmailDotAfterName" time="7.354"/>
  <testcase classname="com.huntcareer.qa.testcases.Login" name="TC_25_verifyinvalidEmailTwoConsicutiveDots" time="7.252"/>
  <testcase classname="com.huntcareer.qa.testcases.Login" name="TC_26_verifyinvalidEmailDotAtStart" time="7.103"/>
  <testcase classname="com.huntcareer.qa.testcases.Login" name="TC_27_verifyinvalidEmailQuoted" time="7.292"/>
  <testcase classname="com.huntcareer.qa.testcases.Login" name="TC_28_verifyinvalidEmailUnclosedQuote" time="7.115"/>
  <testcase classname="com.huntcareer.qa.testcases.Login" name="TC_29_verifyinvalidEmailLongEmail" time="7.387"/>
  <testcase classname="com.huntcareer.qa.testcases.Login" name="TC_30_verifyinvalidEmailLongDomain" time="7.486"/>
  <testcase classname="com.huntcareer.qa.testcases.Login" name="TC_31_verifyinvalidEmailLongTLD" time="7.436"/>
  <testcase classname="com.huntcareer.qa.testcases.Login" name="TC_32_verifyinvalidEmailMissingSecondLevelDomain" time="7.382"/>
  <testcase classname="com.huntcareer.qa.testcases.Login" name="TC_33_verifyinvalidEmailCommaInEmail" time="7.274"/>
  <testcase classname="com.huntcareer.qa.testcases.Login" name="TC_34_verifyinvalidEmailConsicutiveDoubleAt" time="7.211"/>
  <testcase classname="com.huntcareer.qa.testcases.Login" name="TC_35_verifyinvalidEmailUnderscoreTLD" time="7.339"/>
  <testcase classname="com.huntcareer.qa.testcases.Login" name="TC_36_verifyinvalidEmailNoDomain" time="7.365"/>
</testsuite> <!-- com.huntcareer.qa.testcases.Login -->
