<?xml version="1.0" encoding="UTF-8"?>
<!-- Generated by org.testng.reporters.JUnitReportReporter -->
<testsuite hostname="Pavan" failures="0" tests="1" name="com.huntcareer.qa.testcases.Search" time="4.166" errors="0" timestamp="2025-06-07T22:55:25 IST" skipped="0">
  <testcase classname="com.huntcareer.qa.testcases.Search" name="TC_4_verifySearchWithFilters" time="4.166"/>
</testsuite> <!-- com.huntcareer.qa.testcases.Search -->
