<?xml version="1.0" encoding="UTF-8"?>
<!-- Generated by org.testng.reporters.JUnitReportReporter -->
<testsuite hostname="Pavan" failures="0" tests="4" name="com.huntcareer.qa.testcases.Search" time="12.858" errors="0" timestamp="2025-07-29T23:01:14 IST" skipped="0">
  <testcase classname="com.huntcareer.qa.testcases.Search" name="TC_1_verifyValidSearch" time="3.012"/>
  <testcase classname="com.huntcareer.qa.testcases.Search" name="TC_2_verifyInvalidSearch" time="2.935"/>
  <testcase classname="com.huntcareer.qa.testcases.Search" name="TC_3_verifySearchWithSpecialCharcters" time="2.908"/>
  <testcase classname="com.huntcareer.qa.testcases.Search" name="TC_4_verifySearchWithFilters" time="4.003"/>
</testsuite> <!-- com.huntcareer.qa.testcases.Search -->
