<?xml version="1.0" encoding="UTF-8"?>
<!-- Generated by org.testng.reporters.JUnitReportReporter -->
<testsuite hostname="Pavan" failures="0" tests="5" name="com.huntcareer.qa.testcases.Login" time="32.750" errors="0" timestamp="2025-06-03T17:00:59 IST" skipped="0">
  <testcase classname="com.huntcareer.qa.testcases.Login" name="verifyWithValidDataUsingExcel" time="6.122"/>
  <testcase classname="com.huntcareer.qa.testcases.Login" name="verifyWithValidDataUsingExcel" time="6.484"/>
  <testcase classname="com.huntcareer.qa.testcases.Login" name="verifyWithValidDataUsingExcel" time="6.195"/>
  <testcase classname="com.huntcareer.qa.testcases.Login" name="verifyWithInvalidData" time="6.216"/>
  <testcase classname="com.huntcareer.qa.testcases.Login" name="verifyWithValidData" time="7.733"/>
</testsuite> <!-- com.huntcareer.qa.testcases.Login -->
