<?xml version="1.0" encoding="UTF-8"?>
<!-- Generated by org.testng.reporters.JUnitReportReporter -->
<testsuite hostname="Pavan" failures="0" tests="2" name="com.huntcareer.qa.testcases.EmployerJobPost" time="20.188" errors="0" timestamp="2025-10-13T19:43:05 IST" skipped="0">
  <testcase classname="com.huntcareer.qa.testcases.EmployerJobPost" name="TC_1_Create_Job_Post_With_Valid_Data" time="9.949"/>
  <testcase classname="com.huntcareer.qa.testcases.EmployerJobPost" name="TC_2_Blank_Job_Post" time="10.239"/>
</testsuite> <!-- com.huntcareer.qa.testcases.EmployerJobPost -->
