<?xml version="1.0" encoding="UTF-8"?>
<!-- Generated by org.testng.reporters.JUnitReportReporter -->
<testsuite hostname="Pavan" failures="0" tests="1" name="com.huntcareer.qa.testcases.Register" time="7.948" errors="0" timestamp="2025-05-26T23:13:50 IST" skipped="0">
  <testcase classname="com.huntcareer.qa.testcases.Register" name="verifyRegisterWithValidData" time="7.948"/>
</testsuite> <!-- com.huntcareer.qa.testcases.Register -->
