<?xml version="1.0" encoding="UTF-8"?>
<!-- Generated by org.testng.reporters.JUnitReportReporter -->
<testsuite hostname="Pavan" failures="0" tests="1" name="com.huntcareer.qa.testcases.Register" time="10.842" errors="0" timestamp="2025-10-04T18:31:08 IST" skipped="0">
  <testcase classname="com.huntcareer.qa.testcases.Register" name="TC_10_verifyInvalidPhoneNumberData" time="10.842"/>
</testsuite> <!-- com.huntcareer.qa.testcases.Register -->
