<?xml version="1.0" encoding="UTF-8"?>
<!-- Generated by org.testng.reporters.JUnitReportReporter -->
<testsuite hostname="Pavan" failures="0" tests="6" name="com.huntcareer.qa.testcases.EmployerJobPost" time="55.660" errors="0" timestamp="2025-10-20T20:23:39 IST" skipped="0">
  <testcase classname="com.huntcareer.qa.testcases.EmployerJobPost" name="TC_1_Create_Job_Post_With_Valid_Data" time="10.333"/>
  <testcase classname="com.huntcareer.qa.testcases.EmployerJobPost" name="TC_2_Blank_Job_Post" time="9.034"/>
  <testcase classname="com.huntcareer.qa.testcases.EmployerJobPost" name="TC_3_Create_Job_Post_Without_Title" time="8.820"/>
  <testcase classname="com.huntcareer.qa.testcases.EmployerJobPost" name="TC_4_Create_Job_Post_Without_CompanyName" time="9.414"/>
  <testcase classname="com.huntcareer.qa.testcases.EmployerJobPost" name="TC_5_Create_Job_Post_Without_Description" time="8.915"/>
  <testcase classname="com.huntcareer.qa.testcases.EmployerJobPost" name="TC_6_Create_Job_Post_Without_Location" time="9.144"/>
</testsuite> <!-- com.huntcareer.qa.testcases.EmployerJobPost -->
