<?xml version="1.0" encoding="UTF-8"?>
<!-- Generated by org.testng.reporters.JUnitReportReporter -->
<testsuite hostname="Pavan" failures="0" tests="1" name="com.huntcareer.qa.testcases.EmployerJobPost" time="11.065" errors="0" timestamp="2025-10-13T19:20:58 IST" skipped="0">
  <testcase classname="com.huntcareer.qa.testcases.EmployerJobPost" name="TC_1_Create_Job_Post_With_Valid_Data" time="11.065"/>
</testsuite> <!-- com.huntcareer.qa.testcases.EmployerJobPost -->
